<?xml version="1.0" encoding="UTF-8"?>
<testsuite name="Price 測試" tests="3" skipped="0" failures="0" errors="0" timestamp="2025-12-25T07:56:57" hostname="DESKTOP-EAKORAJ" time="0.003">
  <properties/>
  <testcase name="建立有效的 Price" classname="com.loombook.domain.model.ValueObjectsTest$PriceTest" time="0.0"/>
  <testcase name="零值應該有效" classname="com.loombook.domain.model.ValueObjectsTest$PriceTest" time="0.0"/>
  <testcase name="負數應拋出 IllegalArgumentException" classname="com.loombook.domain.model.ValueObjectsTest$PriceTest" time="0.002"/>
  <system-out><![CDATA[]]></system-out>
  <system-err><![CDATA[]]></system-err>
</testsuite>
