<?xml version="1.0" encoding="UTF-8"?>
<testsuite name="ProductName 測試" tests="3" skipped="0" failures="0" errors="0" timestamp="2025-12-25T07:56:57" hostname="DESKTOP-EAKORAJ" time="0.004">
  <properties/>
  <testcase name="建立有效的 ProductName" classname="com.loombook.domain.model.ValueObjectsTest$ProductNameTest" time="0.001"/>
  <testcase name="null 值應拋出 IllegalArgumentException" classname="com.loombook.domain.model.ValueObjectsTest$ProductNameTest" time="0.001"/>
  <testcase name="空白值應拋出 IllegalArgumentException" classname="com.loombook.domain.model.ValueObjectsTest$ProductNameTest" time="0.002"/>
  <system-out><![CDATA[]]></system-out>
  <system-err><![CDATA[]]></system-err>
</testsuite>
