<?xml version="1.0" encoding="UTF-8"?>
<testsuite name="com.loombook.api.rest.ProductControllerTest" tests="5" skipped="0" failures="0" errors="0" timestamp="2025-12-25T07:56:56" hostname="DESKTOP-EAKORAJ" time="0.267">
  <properties/>
  <testcase name="GET /api/products/{id} - 404 商品不存在" classname="com.loombook.api.rest.ProductControllerTest" time="0.16"/>
  <testcase name="GET /api/products/{id} - 200 商品存在" classname="com.loombook.api.rest.ProductControllerTest" time="0.088"/>
  <testcase name="POST /api/products - 201 建立成功" classname="com.loombook.api.rest.ProductControllerTest" time="0.008"/>
  <testcase name="POST /api/products - 400 priceCents 為負數" classname="com.loombook.api.rest.ProductControllerTest" time="0.004"/>
  <testcase name="POST /api/products - 400 name 空白" classname="com.loombook.api.rest.ProductControllerTest" time="0.004"/>
  <system-out><![CDATA[2025-12-25T15:56:56.521+08:00  INFO 4268 --- [loombook] [    Test worker] t.c.s.AnnotationConfigContextLoaderUtils : Could not detect default configuration classes for test class [com.loombook.api.rest.ProductControllerTest]: ProductControllerTest does not declare any static, non-private, non-final, nested classes annotated with @Configuration.
2025-12-25T15:56:56.527+08:00  INFO 4268 --- [loombook] [    Test worker] .b.t.c.SpringBootTestContextBootstrapper : Found @SpringBootConfiguration com.loombook.LoombookApplication for test class com.loombook.api.rest.ProductControllerTest

  .   ____          _            __ _ _
 /\\ / ___'_ __ _ _(_)_ __  __ _ \ \ \ \
( ( )\___ | '_ | '_| | '_ \/ _` | \ \ \ \
 \\/  ___)| |_)| | | | | || (_| |  ) ) ) )
  '  |____| .__|_| |_|_| |_\__, | / / / /
 =========|_|==============|___/=/_/_/_/

 :: Spring Boot ::               (v3.4.13)

2025-12-25T15:56:56.546+08:00  INFO 4268 --- [loombook] [    Test worker] c.l.api.rest.ProductControllerTest       : Starting ProductControllerTest using Java 21.0.9 with PID 4268 (started by auto in D:\DEV\loombook)
2025-12-25T15:56:56.546+08:00  INFO 4268 --- [loombook] [    Test worker] c.l.api.rest.ProductControllerTest       : No active profile set, falling back to 1 default profile: "default"
2025-12-25T15:56:56.707+08:00  INFO 4268 --- [loombook] [    Test worker] .s.d.r.c.RepositoryConfigurationDelegate : Bootstrapping Spring Data JPA repositories in DEFAULT mode.
2025-12-25T15:56:56.707+08:00  INFO 4268 --- [loombook] [    Test worker] .s.d.r.c.RepositoryConfigurationDelegate : Finished Spring Data repository scanning in 7 ms. Found 1 JPA repository interface.
2025-12-25T15:56:56.773+08:00  INFO 4268 --- [loombook] [    Test worker] o.hibernate.jpa.internal.util.LogHelper  : HHH000204: Processing PersistenceUnitInfo [name: default]
2025-12-25T15:56:56.773+08:00  INFO 4268 --- [loombook] [    Test worker] o.h.c.internal.RegionFactoryInitiator    : HHH000026: Second-level cache disabled
2025-12-25T15:56:56.779+08:00  INFO 4268 --- [loombook] [    Test worker] o.s.o.j.p.SpringPersistenceUnitInfo      : No LoadTimeWeaver setup: ignoring JPA class transformer
2025-12-25T15:56:56.779+08:00  INFO 4268 --- [loombook] [    Test worker] com.zaxxer.hikari.HikariDataSource       : HikariPool-2 - Starting...
2025-12-25T15:56:56.779+08:00  INFO 4268 --- [loombook] [    Test worker] com.zaxxer.hikari.pool.HikariPool        : HikariPool-2 - Added connection conn10: url=jdbc:h2:mem:loombook user=SA
2025-12-25T15:56:56.779+08:00  INFO 4268 --- [loombook] [    Test worker] com.zaxxer.hikari.HikariDataSource       : HikariPool-2 - Start completed.
2025-12-25T15:56:56.779+08:00  INFO 4268 --- [loombook] [    Test worker] org.hibernate.orm.connections.pooling    : HHH10001005: Database info:
	Database JDBC URL [Connecting through datasource 'HikariDataSource (HikariPool-2)']
	Database driver: undefined/unknown
	Database version: 2.3.232
	Autocommit mode: undefined/unknown
	Isolation level: undefined/unknown
	Minimum pool size: undefined/unknown
	Maximum pool size: undefined/unknown
2025-12-25T15:56:56.789+08:00  INFO 4268 --- [loombook] [    Test worker] o.h.e.t.j.p.i.JtaPlatformInitiator       : HHH000489: No JTA platform available (set 'hibernate.transaction.jta.platform' to enable JTA platform integration)
2025-12-25T15:56:56.789+08:00  INFO 4268 --- [loombook] [    Test worker] j.LocalContainerEntityManagerFactoryBean : Initialized JPA EntityManagerFactory for persistence unit 'default'
2025-12-25T15:56:56.836+08:00  WARN 4268 --- [loombook] [    Test worker] JpaBaseConfiguration$JpaWebConfiguration : spring.jpa.open-in-view is enabled by default. Therefore, database queries may be performed during view rendering. Explicitly configure spring.jpa.open-in-view to disable this warning
2025-12-25T15:56:56.956+08:00  INFO 4268 --- [loombook] [    Test worker] o.s.b.t.m.w.SpringBootMockServletContext : Initializing Spring TestDispatcherServlet ''
2025-12-25T15:56:56.956+08:00  INFO 4268 --- [loombook] [    Test worker] o.s.t.web.servlet.TestDispatcherServlet  : Initializing Servlet ''
2025-12-25T15:56:56.956+08:00  INFO 4268 --- [loombook] [    Test worker] o.s.b.a.e.web.EndpointLinksResolver      : Exposing 1 endpoint beneath base path '/actuator'
2025-12-25T15:56:56.956+08:00  INFO 4268 --- [loombook] [    Test worker] o.s.t.web.servlet.TestDispatcherServlet  : Completed initialization in 0 ms
2025-12-25T15:56:56.975+08:00  INFO 4268 --- [loombook] [    Test worker] c.l.api.rest.ProductControllerTest       : Started ProductControllerTest in 0.439 seconds (process running for 6.378)
]]></system-out>
  <system-err><![CDATA[]]></system-err>
</testsuite>
